# JRE version: OpenJDK Runtime Environment Temurin-21.0.9+10 (21.0.9+10) (build 21.0.9+10-LTS)
# Java VM: OpenJDK 64-Bit Server VM Temurin-21.0.9+10 (21.0.9+10-LTS, mixed mode, sharing, tiered, compressed oops, compressed class ptrs, parallel gc, windows-amd64)
GC Precious Log:
 CardTable entry size: 512
 CPUs: 20 total, 20 available
 Memory: 15991M
 Large Page Support: Disabled
 NUMA Support: Disabled
 Compressed Oops: Enabled (Zero based)
 Alignments: Space 512K, Generation 512K, Heap 2M
 Heap Min Capacity: 100M
 Heap Initial Capacity: 100M
 Heap Max Capacity: 4G
 Pre-touch: Disabled
 Parallel Workers: 15
Heap:
 PSYoungGen      total 17920K, used 8077K [0x00000007aab00000, 0x00000007ac280000, 0x0000000800000000)
  eden space 16896K, 47% used [0x00000007aab00000,0x00000007ab2db5b0,0x00000007abb80000)
  from space 1024K, 3% used [0x00000007ac080000,0x00000007ac088000,0x00000007ac180000)
  to   space 512K, 0% used [0x00000007ac200000,0x00000007ac200000,0x00000007ac280000)
 ParOldGen       total 774144K, used 702142K [0x0000000700000000, 0x000000072f400000, 0x00000007aab00000)
  object space 774144K, 90% used [0x0000000700000000,0x000000072adaf938,0x000000072f400000)
 Metaspace       used 88749K, committed 90304K, reserved 1179648K
  class space    used 8961K, committed 9664K, reserved 1048576K
GC Heap History (20 events):
Event: 17790.817 GC heap before
{Heap before GC invocations=1175 (full 5):
 PSYoungGen      total 24576K, used 24276K [0x00000007aab00000, 0x00000007acf80000, 0x0000000800000000)
  eden space 22016K, 100% used [0x00000007aab00000,0x00000007ac080000,0x00000007ac080000)
  from space 2560K, 88% used [0x00000007aca00000,0x00000007acc35260,0x00000007acc80000)
  to   space 3072K, 0% used [0x00000007acc80000,0x00000007acc80000,0x00000007acf80000)
 ParOldGen       total 774144K, used 676955K [0x0000000700000000, 0x000000072f400000, 0x00000007aab00000)
  object space 774144K, 87% used [0x0000000700000000,0x0000000729516ca0,0x000000072f400000)
 Metaspace       used 88667K, committed 90240K, reserved 1179648K
  class space    used 8961K, committed 9664K, reserved 1048576K
}
Event: 17790.843 GC heap after
{Heap after GC invocations=1175 (full 5):
 PSYoungGen      total 24064K, used 3062K [0x00000007aab00000, 0x00000007ada80000, 0x0000000800000000)
  eden space 20992K, 0% used [0x00000007aab00000,0x00000007aab00000,0x00000007abf80000)
  from space 3072K, 99% used [0x00000007acc80000,0x00000007acf7d960,0x00000007acf80000)
  to   space 13312K, 0% used [0x00000007abf80000,0x00000007abf80000,0x00000007acc80000)
 ParOldGen       total 774144K, used 685250K [0x0000000700000000, 0x000000072f400000, 0x00000007aab00000)
  object space 774144K, 88% used [0x0000000700000000,0x0000000729d30b00,0x000000072f400000)
 Metaspace       used 88667K, committed 90240K, reserved 1179648K
  class space    used 8961K, committed 9664K, reserved 1048576K
}
Event: 17790.908 GC heap before
{Heap before GC invocations=1176 (full 5):
 PSYoungGen      total 24064K, used 23920K [0x00000007aab00000, 0x00000007ada80000, 0x0000000800000000)
  eden space 20992K, 99% used [0x00000007aab00000,0x00000007abf5e6d0,0x00000007abf80000)
  from space 3072K, 99% used [0x00000007acc80000,0x00000007acf7d960,0x00000007acf80000)
  to   space 13312K, 0% used [0x00000007abf80000,0x00000007abf80000,0x00000007acc80000)
 ParOldGen       total 774144K, used 685250K [0x0000000700000000, 0x000000072f400000, 0x00000007aab00000)
  object space 774144K, 88% used [0x0000000700000000,0x0000000729d30b00,0x000000072f400000)
 Metaspace       used 88673K, committed 90240K, reserved 1179648K
  class space    used 8961K, committed 9664K, reserved 1048576K
}
Event: 17790.912 GC heap after
{Heap after GC invocations=1176 (full 5):
 PSYoungGen      total 22528K, used 1280K [0x00000007aab00000, 0x00000007acd00000, 0x0000000800000000)
  eden space 20992K, 0% used [0x00000007aab00000,0x00000007aab00000,0x00000007abf80000)
  from space 1536K, 83% used [0x00000007abf80000,0x00000007ac0c0000,0x00000007ac100000)
  to   space 5120K, 0% used [0x00000007ac800000,0x00000007ac800000,0x00000007acd00000)
 ParOldGen       total 774144K, used 685993K [0x0000000700000000, 0x000000072f400000, 0x00000007aab00000)
  object space 774144K, 88% used [0x0000000700000000,0x0000000729dea608,0x000000072f400000)
 Metaspace       used 88673K, committed 90240K, reserved 1179648K
  class space    used 8961K, committed 9664K, reserved 1048576K
}
Event: 17791.024 GC heap before
{Heap before GC invocations=1177 (full 5):
 PSYoungGen      total 22528K, used 22272K [0x00000007aab00000, 0x00000007acd00000, 0x0000000800000000)
  eden space 20992K, 100% used [0x00000007aab00000,0x00000007abf80000,0x00000007abf80000)
  from space 1536K, 83% used [0x00000007abf80000,0x00000007ac0c0000,0x00000007ac100000)
  to   space 5120K, 0% used [0x00000007ac800000,0x00000007ac800000,0x00000007acd00000)
 ParOldGen       total 774144K, used 685993K [0x0000000700000000, 0x000000072f400000, 0x00000007aab00000)
  object space 774144K, 88% used [0x0000000700000000,0x0000000729dea608,0x000000072f400000)
 Metaspace       used 88679K, committed 90240K, reserved 1179648K
  class space    used 8961K, committed 9664K, reserved 1048576K
}
Event: 17791.046 GC heap after
{Heap after GC invocations=1177 (full 5):
 PSYoungGen      total 22016K, used 5112K [0x00000007aab00000, 0x00000007ad880000, 0x0000000800000000)
  eden space 16896K, 0% used [0x00000007aab00000,0x00000007aab00000,0x00000007abb80000)
  from space 5120K, 99% used [0x00000007ac800000,0x00000007accfe3e0,0x00000007acd00000)
  to   space 12800K, 0% used [0x00000007abb80000,0x00000007abb80000,0x00000007ac800000)
 ParOldGen       total 774144K, used 691809K [0x0000000700000000, 0x000000072f400000, 0x00000007aab00000)
  object space 774144K, 89% used [0x0000000700000000,0x000000072a398608,0x000000072f400000)
 Metaspace       used 88679K, committed 90240K, reserved 1179648K
  class space    used 8961K, committed 9664K, reserved 1048576K
}
Event: 17791.483 GC heap before
{Heap before GC invocations=1178 (full 5):
 PSYoungGen      total 22016K, used 22008K [0x00000007aab00000, 0x00000007ad880000, 0x0000000800000000)
  eden space 16896K, 99% used [0x00000007aab00000,0x00000007abb7ffe0,0x00000007abb80000)
  from space 5120K, 99% used [0x00000007ac800000,0x00000007accfe3e0,0x00000007acd00000)
  to   space 12800K, 0% used [0x00000007abb80000,0x00000007abb80000,0x00000007ac800000)
 ParOldGen       total 774144K, used 691809K [0x0000000700000000, 0x000000072f400000, 0x00000007aab00000)
  object space 774144K, 89% used [0x0000000700000000,0x000000072a398608,0x000000072f400000)
 Metaspace       used 88681K, committed 90240K, reserved 1179648K
  class space    used 8961K, committed 9664K, reserved 1048576K
}
Event: 17791.514 GC heap after
{Heap after GC invocations=1178 (full 5):
 PSYoungGen      total 18944K, used 1578K [0x00000007aab00000, 0x00000007ac880000, 0x0000000800000000)
  eden space 16896K, 0% used [0x00000007aab00000,0x00000007aab00000,0x00000007abb80000)
  from space 2048K, 77% used [0x00000007abb80000,0x00000007abd0a950,0x00000007abd80000)
  to   space 5120K, 0% used [0x00000007ac380000,0x00000007ac380000,0x00000007ac880000)
 ParOldGen       total 774144K, used 696866K [0x0000000700000000, 0x000000072f400000, 0x00000007aab00000)
  object space 774144K, 90% used [0x0000000700000000,0x000000072a8889d8,0x000000072f400000)
 Metaspace       used 88681K, committed 90240K, reserved 1179648K
  class space    used 8961K, committed 9664K, reserved 1048576K
}
Event: 17791.536 GC heap before
{Heap before GC invocations=1179 (full 5):
 PSYoungGen      total 18944K, used 18474K [0x00000007aab00000, 0x00000007ac880000, 0x0000000800000000)
  eden space 16896K, 100% used [0x00000007aab00000,0x00000007abb80000,0x00000007abb80000)
  from space 2048K, 77% used [0x00000007abb80000,0x00000007abd0a950,0x00000007abd80000)
  to   space 5120K, 0% used [0x00000007ac380000,0x00000007ac380000,0x00000007ac880000)
 ParOldGen       total 774144K, used 696866K [0x0000000700000000, 0x000000072f400000, 0x00000007aab00000)
  object space 774144K, 90% used [0x0000000700000000,0x000000072a8889d8,0x000000072f400000)
 Metaspace       used 88697K, committed 90240K, reserved 1179648K
  class space    used 8961K, committed 9664K, reserved 1048576K
}
Event: 17791.543 GC heap after
{Heap after GC invocations=1179 (full 5):
 PSYoungGen      total 18944K, used 1972K [0x00000007aab00000, 0x00000007ac580000, 0x0000000800000000)
  eden space 16896K, 0% used [0x00000007aab00000,0x00000007aab00000,0x00000007abb80000)
  from space 2048K, 96% used [0x00000007ac380000,0x00000007ac56d220,0x00000007ac580000)
  to   space 2560K, 0% used [0x00000007ac080000,0x00000007ac080000,0x00000007ac300000)
 ParOldGen       total 774144K, used 698177K [0x0000000700000000, 0x000000072f400000, 0x00000007aab00000)
  object space 774144K, 90% used [0x0000000700000000,0x000000072a9d0650,0x000000072f400000)
 Metaspace       used 88697K, committed 90240K, reserved 1179648K
  class space    used 8961K, committed 9664K, reserved 1048576K
}
Event: 17815.982 GC heap before
{Heap before GC invocations=1180 (full 5):
 PSYoungGen      total 18944K, used 18868K [0x00000007aab00000, 0x00000007ac580000, 0x0000000800000000)
  eden space 16896K, 100% used [0x00000007aab00000,0x00000007abb80000,0x00000007abb80000)
  from space 2048K, 96% used [0x00000007ac380000,0x00000007ac56d220,0x00000007ac580000)
  to   space 2560K, 0% used [0x00000007ac080000,0x00000007ac080000,0x00000007ac300000)
 ParOldGen       total 774144K, used 698177K [0x0000000700000000, 0x000000072f400000, 0x00000007aab00000)
  object space 774144K, 90% used [0x0000000700000000,0x000000072a9d0650,0x000000072f400000)
 Metaspace       used 88725K, committed 90240K, reserved 1179648K
  class space    used 8961K, committed 9664K, reserved 1048576K
}
Event: 17815.988 GC heap after
{Heap after GC invocations=1180 (full 5):
 PSYoungGen      total 18432K, used 1504K [0x00000007aab00000, 0x00000007ac400000, 0x0000000800000000)
  eden space 16896K, 0% used [0x00000007aab00000,0x00000007aab00000,0x00000007abb80000)
  from space 1536K, 97% used [0x00000007ac080000,0x00000007ac1f8040,0x00000007ac200000)
  to   space 2048K, 0% used [0x00000007ac200000,0x00000007ac200000,0x00000007ac400000)
 ParOldGen       total 774144K, used 699912K [0x0000000700000000, 0x000000072f400000, 0x00000007aab00000)
  object space 774144K, 90% used [0x0000000700000000,0x000000072ab82018,0x000000072f400000)
 Metaspace       used 88725K, committed 90240K, reserved 1179648K
  class space    used 8961K, committed 9664K, reserved 1048576K
}
Event: 18089.591 GC heap before
{Heap before GC invocations=1181 (full 5):
 PSYoungGen      total 18432K, used 18400K [0x00000007aab00000, 0x00000007ac400000, 0x0000000800000000)
  eden space 16896K, 100% used [0x00000007aab00000,0x00000007abb80000,0x00000007abb80000)
  from space 1536K, 97% used [0x00000007ac080000,0x00000007ac1f8040,0x00000007ac200000)
  to   space 2048K, 0% used [0x00000007ac200000,0x00000007ac200000,0x00000007ac400000)
 ParOldGen       total 774144K, used 699912K [0x0000000700000000, 0x000000072f400000, 0x00000007aab00000)
  object space 774144K, 90% used [0x0000000700000000,0x000000072ab82018,0x000000072f400000)
 Metaspace       used 88742K, committed 90240K, reserved 1179648K
  class space    used 8961K, committed 9664K, reserved 1048576K
}
Event: 18089.607 GC heap after
{Heap after GC invocations=1181 (full 5):
 PSYoungGen      total 17920K, used 576K [0x00000007aab00000, 0x00000007ac300000, 0x0000000800000000)
  eden space 16896K, 0% used [0x00000007aab00000,0x00000007aab00000,0x00000007abb80000)
  from space 1024K, 56% used [0x00000007ac200000,0x00000007ac290020,0x00000007ac300000)
  to   space 1024K, 0% used [0x00000007ac100000,0x00000007ac100000,0x00000007ac200000)
 ParOldGen       total 774144K, used 701221K [0x0000000700000000, 0x000000072f400000, 0x00000007aab00000)
  object space 774144K, 90% used [0x0000000700000000,0x000000072acc97d8,0x000000072f400000)
 Metaspace       used 88742K, committed 90240K, reserved 1179648K
  class space    used 8961K, committed 9664K, reserved 1048576K
}
Event: 18116.048 GC heap before
{Heap before GC invocations=1182 (full 5):
 PSYoungGen      total 17920K, used 17472K [0x00000007aab00000, 0x00000007ac300000, 0x0000000800000000)
  eden space 16896K, 100% used [0x00000007aab00000,0x00000007abb80000,0x00000007abb80000)
  from space 1024K, 56% used [0x00000007ac200000,0x00000007ac290020,0x00000007ac300000)
  to   space 1024K, 0% used [0x00000007ac100000,0x00000007ac100000,0x00000007ac200000)
 ParOldGen       total 774144K, used 701221K [0x0000000700000000, 0x000000072f400000, 0x00000007aab00000)
  object space 774144K, 90% used [0x0000000700000000,0x000000072acc97d8,0x000000072f400000)
 Metaspace       used 88748K, committed 90304K, reserved 1179648K
  class space    used 8961K, committed 9664K, reserved 1048576K
}
Event: 18116.052 GC heap after
{Heap after GC invocations=1182 (full 5):
 PSYoungGen      total 17920K, used 688K [0x00000007aab00000, 0x00000007ac280000, 0x0000000800000000)
  eden space 16896K, 0% used [0x00000007aab00000,0x00000007aab00000,0x00000007abb80000)
  from space 1024K, 67% used [0x00000007ac100000,0x00000007ac1ac070,0x00000007ac200000)
  to   space 512K, 0% used [0x00000007ac200000,0x00000007ac200000,0x00000007ac280000)
 ParOldGen       total 774144K, used 701494K [0x0000000700000000, 0x000000072f400000, 0x00000007aab00000)
  object space 774144K, 90% used [0x0000000700000000,0x000000072ad0d808,0x000000072f400000)
 Metaspace       used 88748K, committed 90304K, reserved 1179648K
  class space    used 8961K, committed 9664K, reserved 1048576K
}
Event: 44000.612 GC heap before
{Heap before GC invocations=1183 (full 5):
 PSYoungGen      total 17920K, used 17584K [0x00000007aab00000, 0x00000007ac280000, 0x0000000800000000)
  eden space 16896K, 100% used [0x00000007aab00000,0x00000007abb80000,0x00000007abb80000)
  from space 1024K, 67% used [0x00000007ac100000,0x00000007ac1ac070,0x00000007ac200000)
  to   space 512K, 0% used [0x00000007ac200000,0x00000007ac200000,0x00000007ac280000)
 ParOldGen       total 774144K, used 701494K [0x0000000700000000, 0x000000072f400000, 0x00000007aab00000)
  object space 774144K, 90% used [0x0000000700000000,0x000000072ad0d808,0x000000072f400000)
 Metaspace       used 88749K, committed 90304K, reserved 1179648K
  class space    used 8961K, committed 9664K, reserved 1048576K
}
Event: 44001.358 GC heap after
{Heap after GC invocations=1183 (full 5):
 PSYoungGen      total 17408K, used 416K [0x00000007aab00000, 0x00000007ac280000, 0x0000000800000000)
  eden space 16896K, 0% used [0x00000007aab00000,0x00000007aab00000,0x00000007abb80000)
  from space 512K, 81% used [0x00000007ac200000,0x00000007ac268000,0x00000007ac280000)
  to   space 1024K, 0% used [0x00000007ac080000,0x00000007ac080000,0x00000007ac180000)
 ParOldGen       total 774144K, used 702006K [0x0000000700000000, 0x000000072f400000, 0x00000007aab00000)
  object space 774144K, 90% used [0x0000000700000000,0x000000072ad8d938,0x000000072f400000)
 Metaspace       used 88749K, committed 90304K, reserved 1179648K
  class space    used 8961K, committed 9664K, reserved 1048576K
}
Event: 66321.264 GC heap before
{Heap before GC invocations=1184 (full 5):
 PSYoungGen      total 17408K, used 17312K [0x00000007aab00000, 0x00000007ac280000, 0x0000000800000000)
  eden space 16896K, 100% used [0x00000007aab00000,0x00000007abb80000,0x00000007abb80000)
  from space 512K, 81% used [0x00000007ac200000,0x00000007ac268000,0x00000007ac280000)
  to   space 1024K, 0% used [0x00000007ac080000,0x00000007ac080000,0x00000007ac180000)
 ParOldGen       total 774144K, used 702006K [0x0000000700000000, 0x000000072f400000, 0x00000007aab00000)
  object space 774144K, 90% used [0x0000000700000000,0x000000072ad8d938,0x000000072f400000)
 Metaspace       used 88749K, committed 90304K, reserved 1179648K
  class space    used 8961K, committed 9664K, reserved 1048576K
}
Event: 66321.272 GC heap after
{Heap after GC invocations=1184 (full 5):
 PSYoungGen      total 17920K, used 32K [0x00000007aab00000, 0x00000007ac280000, 0x0000000800000000)
  eden space 16896K, 0% used [0x00000007aab00000,0x00000007aab00000,0x00000007abb80000)
  from space 1024K, 3% used [0x00000007ac080000,0x00000007ac088000,0x00000007ac180000)
  to   space 512K, 0% used [0x00000007ac200000,0x00000007ac200000,0x00000007ac280000)
 ParOldGen       total 774144K, used 702142K [0x0000000700000000, 0x000000072f400000, 0x00000007aab00000)
  object space 774144K, 90% used [0x0000000700000000,0x000000072adaf938,0x000000072f400000)
 Metaspace       used 88749K, committed 90304K, reserved 1179648K
  class space    used 8961K, committed 9664K, reserved 1048576K
}

