# JRE version: OpenJDK Runtime Environment Temurin-21.0.12+8 (21.0.12+8) (build 21.0.12+8-LTS)
# Java VM: OpenJDK 64-Bit Server VM Temurin-21.0.12+8 (21.0.12+8-LTS, mixed mode, sharing, tiered, compressed oops, compressed class ptrs, parallel gc, windows-amd64)
GC Precious Log:
 CardTable entry size: 512
 CPUs: 20 total, 20 available
 Memory: 15991M
 Large Page Support: Disabled
 NUMA Support: Disabled
 Compressed Oops: Enabled (Zero based)
 Alignments: Space 512K, Generation 512K, Heap 2M
 Heap Min Capacity: 100M
 Heap Initial Capacity: 100M
 Heap Max Capacity: 4G
 Pre-touch: Disabled
 Parallel Workers: 15
Heap:
 PSYoungGen      total 18432K, used 12917K [0x00000007aab00000, 0x00000007ac680000, 0x0000000800000000)
  eden space 15872K, 65% used [0x00000007aab00000,0x00000007ab51d988,0x00000007aba80000)
  from space 2560K, 99% used [0x00000007abb00000,0x00000007abd7fca8,0x00000007abd80000)
  to   space 6144K, 0% used [0x00000007ac080000,0x00000007ac080000,0x00000007ac680000)
 ParOldGen       total 73728K, used 73229K [0x0000000700000000, 0x0000000704800000, 0x00000007aab00000)
  object space 73728K, 99% used [0x0000000700000000,0x0000000704783558,0x0000000704800000)
 Metaspace       used 24995K, committed 25984K, reserved 1114112K
  class space    used 2198K, committed 2624K, reserved 1048576K
GC Heap History (20 events):
Event: 45.772 GC heap before
{Heap before GC invocations=49 (full 1):
 PSYoungGen      total 19456K, used 19020K [0x00000007aab00000, 0x00000007abf80000, 0x0000000800000000)
  eden space 17920K, 100% used [0x00000007aab00000,0x00000007abc80000,0x00000007abc80000)
  from space 1536K, 71% used [0x00000007abc80000,0x00000007abd931c0,0x00000007abe00000)
  to   space 1536K, 0% used [0x00000007abe00000,0x00000007abe00000,0x00000007abf80000)
 ParOldGen       total 68608K, used 57227K [0x0000000700000000, 0x0000000704300000, 0x00000007aab00000)
  object space 68608K, 83% used [0x0000000700000000,0x00000007037e2d58,0x0000000704300000)
 Metaspace       used 22385K, committed 23360K, reserved 1114112K
  class space    used 1999K, committed 2432K, reserved 1048576K
}
Event: 45.778 GC heap after
{Heap after GC invocations=49 (full 1):
 PSYoungGen      total 19456K, used 1165K [0x00000007aab00000, 0x00000007abf80000, 0x0000000800000000)
  eden space 17920K, 0% used [0x00000007aab00000,0x00000007aab00000,0x00000007abc80000)
  from space 1536K, 75% used [0x00000007abe00000,0x00000007abf23640,0x00000007abf80000)
  to   space 1536K, 0% used [0x00000007abc80000,0x00000007abc80000,0x00000007abe00000)
 ParOldGen       total 68608K, used 58850K [0x0000000700000000, 0x0000000704300000, 0x00000007aab00000)
  object space 68608K, 85% used [0x0000000700000000,0x00000007039788a8,0x0000000704300000)
 Metaspace       used 22385K, committed 23360K, reserved 1114112K
  class space    used 1999K, committed 2432K, reserved 1048576K
}
Event: 45.832 GC heap before
{Heap before GC invocations=50 (full 1):
 PSYoungGen      total 19456K, used 19085K [0x00000007aab00000, 0x00000007abf80000, 0x0000000800000000)
  eden space 17920K, 100% used [0x00000007aab00000,0x00000007abc80000,0x00000007abc80000)
  from space 1536K, 75% used [0x00000007abe00000,0x00000007abf23640,0x00000007abf80000)
  to   space 1536K, 0% used [0x00000007abc80000,0x00000007abc80000,0x00000007abe00000)
 ParOldGen       total 68608K, used 58850K [0x0000000700000000, 0x0000000704300000, 0x00000007aab00000)
  object space 68608K, 85% used [0x0000000700000000,0x00000007039788a8,0x0000000704300000)
 Metaspace       used 22385K, committed 23360K, reserved 1114112K
  class space    used 1999K, committed 2432K, reserved 1048576K
}
Event: 45.834 GC heap after
{Heap after GC invocations=50 (full 1):
 PSYoungGen      total 19456K, used 1151K [0x00000007aab00000, 0x00000007abf80000, 0x0000000800000000)
  eden space 17920K, 0% used [0x00000007aab00000,0x00000007aab00000,0x00000007abc80000)
  from space 1536K, 74% used [0x00000007abc80000,0x00000007abd9ff90,0x00000007abe00000)
  to   space 1536K, 0% used [0x00000007abe00000,0x00000007abe00000,0x00000007abf80000)
 ParOldGen       total 68608K, used 59744K [0x0000000700000000, 0x0000000704300000, 0x00000007aab00000)
  object space 68608K, 87% used [0x0000000700000000,0x0000000703a580b0,0x0000000704300000)
 Metaspace       used 22385K, committed 23360K, reserved 1114112K
  class space    used 1999K, committed 2432K, reserved 1048576K
}
Event: 45.867 GC heap before
{Heap before GC invocations=51 (full 1):
 PSYoungGen      total 19456K, used 19071K [0x00000007aab00000, 0x00000007abf80000, 0x0000000800000000)
  eden space 17920K, 100% used [0x00000007aab00000,0x00000007abc80000,0x00000007abc80000)
  from space 1536K, 74% used [0x00000007abc80000,0x00000007abd9ff90,0x00000007abe00000)
  to   space 1536K, 0% used [0x00000007abe00000,0x00000007abe00000,0x00000007abf80000)
 ParOldGen       total 68608K, used 59744K [0x0000000700000000, 0x0000000704300000, 0x00000007aab00000)
  object space 68608K, 87% used [0x0000000700000000,0x0000000703a580b0,0x0000000704300000)
 Metaspace       used 22385K, committed 23360K, reserved 1114112K
  class space    used 1999K, committed 2432K, reserved 1048576K
}
Event: 45.868 GC heap after
{Heap after GC invocations=51 (full 1):
 PSYoungGen      total 19456K, used 1121K [0x00000007aab00000, 0x00000007abf80000, 0x0000000800000000)
  eden space 17920K, 0% used [0x00000007aab00000,0x00000007aab00000,0x00000007abc80000)
  from space 1536K, 73% used [0x00000007abe00000,0x00000007abf186e0,0x00000007abf80000)
  to   space 1536K, 0% used [0x00000007abc80000,0x00000007abc80000,0x00000007abe00000)
 ParOldGen       total 68608K, used 60664K [0x0000000700000000, 0x0000000704300000, 0x00000007aab00000)
  object space 68608K, 88% used [0x0000000700000000,0x0000000703b3e180,0x0000000704300000)
 Metaspace       used 22385K, committed 23360K, reserved 1114112K
  class space    used 1999K, committed 2432K, reserved 1048576K
}
Event: 45.917 GC heap before
{Heap before GC invocations=52 (full 1):
 PSYoungGen      total 19456K, used 19041K [0x00000007aab00000, 0x00000007abf80000, 0x0000000800000000)
  eden space 17920K, 100% used [0x00000007aab00000,0x00000007abc80000,0x00000007abc80000)
  from space 1536K, 73% used [0x00000007abe00000,0x00000007abf186e0,0x00000007abf80000)
  to   space 1536K, 0% used [0x00000007abc80000,0x00000007abc80000,0x00000007abe00000)
 ParOldGen       total 68608K, used 60664K [0x0000000700000000, 0x0000000704300000, 0x00000007aab00000)
  object space 68608K, 88% used [0x0000000700000000,0x0000000703b3e180,0x0000000704300000)
 Metaspace       used 22385K, committed 23360K, reserved 1114112K
  class space    used 1999K, committed 2432K, reserved 1048576K
}
Event: 45.919 GC heap after
{Heap after GC invocations=52 (full 1):
 PSYoungGen      total 19456K, used 1155K [0x00000007aab00000, 0x00000007abf80000, 0x0000000800000000)
  eden space 17920K, 0% used [0x00000007aab00000,0x00000007aab00000,0x00000007abc80000)
  from space 1536K, 75% used [0x00000007abc80000,0x00000007abda0f48,0x00000007abe00000)
  to   space 1536K, 0% used [0x00000007abe00000,0x00000007abe00000,0x00000007abf80000)
 ParOldGen       total 68608K, used 61499K [0x0000000700000000, 0x0000000704300000, 0x00000007aab00000)
  object space 68608K, 89% used [0x0000000700000000,0x0000000703c0ee98,0x0000000704300000)
 Metaspace       used 22385K, committed 23360K, reserved 1114112K
  class space    used 1999K, committed 2432K, reserved 1048576K
}
Event: 47.997 GC heap before
{Heap before GC invocations=53 (full 1):
 PSYoungGen      total 19456K, used 19075K [0x00000007aab00000, 0x00000007abf80000, 0x0000000800000000)
  eden space 17920K, 100% used [0x00000007aab00000,0x00000007abc80000,0x00000007abc80000)
  from space 1536K, 75% used [0x00000007abc80000,0x00000007abda0f48,0x00000007abe00000)
  to   space 1536K, 0% used [0x00000007abe00000,0x00000007abe00000,0x00000007abf80000)
 ParOldGen       total 68608K, used 61499K [0x0000000700000000, 0x0000000704300000, 0x00000007aab00000)
  object space 68608K, 89% used [0x0000000700000000,0x0000000703c0ee98,0x0000000704300000)
 Metaspace       used 22393K, committed 23360K, reserved 1114112K
  class space    used 1999K, committed 2432K, reserved 1048576K
}
Event: 47.999 GC heap after
{Heap after GC invocations=53 (full 1):
 PSYoungGen      total 19456K, used 1115K [0x00000007aab00000, 0x00000007abf80000, 0x0000000800000000)
  eden space 17920K, 0% used [0x00000007aab00000,0x00000007aab00000,0x00000007abc80000)
  from space 1536K, 72% used [0x00000007abe00000,0x00000007abf16cc0,0x00000007abf80000)
  to   space 1536K, 0% used [0x00000007abc80000,0x00000007abc80000,0x00000007abe00000)
 ParOldGen       total 68608K, used 62473K [0x0000000700000000, 0x0000000704300000, 0x00000007aab00000)
  object space 68608K, 91% used [0x0000000700000000,0x0000000703d02608,0x0000000704300000)
 Metaspace       used 22393K, committed 23360K, reserved 1114112K
  class space    used 1999K, committed 2432K, reserved 1048576K
}
Event: 48.203 GC heap before
{Heap before GC invocations=54 (full 1):
 PSYoungGen      total 19456K, used 19035K [0x00000007aab00000, 0x00000007abf80000, 0x0000000800000000)
  eden space 17920K, 100% used [0x00000007aab00000,0x00000007abc80000,0x00000007abc80000)
  from space 1536K, 72% used [0x00000007abe00000,0x00000007abf16cc0,0x00000007abf80000)
  to   space 1536K, 0% used [0x00000007abc80000,0x00000007abc80000,0x00000007abe00000)
 ParOldGen       total 68608K, used 62473K [0x0000000700000000, 0x0000000704300000, 0x00000007aab00000)
  object space 68608K, 91% used [0x0000000700000000,0x0000000703d02608,0x0000000704300000)
 Metaspace       used 23225K, committed 24192K, reserved 1114112K
  class space    used 2087K, committed 2496K, reserved 1048576K
}
Event: 48.205 GC heap after
{Heap after GC invocations=54 (full 1):
 PSYoungGen      total 19456K, used 1536K [0x00000007aab00000, 0x00000007ac280000, 0x0000000800000000)
  eden space 17920K, 0% used [0x00000007aab00000,0x00000007aab00000,0x00000007abc80000)
  from space 1536K, 100% used [0x00000007abc80000,0x00000007abe00000,0x00000007abe00000)
  to   space 3072K, 0% used [0x00000007abf80000,0x00000007abf80000,0x00000007ac280000)
 ParOldGen       total 68608K, used 63568K [0x0000000700000000, 0x0000000704300000, 0x00000007aab00000)
  object space 68608K, 92% used [0x0000000700000000,0x0000000703e14348,0x0000000704300000)
 Metaspace       used 23225K, committed 24192K, reserved 1114112K
  class space    used 2087K, committed 2496K, reserved 1048576K
}
Event: 48.651 GC heap before
{Heap before GC invocations=55 (full 1):
 PSYoungGen      total 19456K, used 19456K [0x00000007aab00000, 0x00000007ac280000, 0x0000000800000000)
  eden space 17920K, 100% used [0x00000007aab00000,0x00000007abc80000,0x00000007abc80000)
  from space 1536K, 100% used [0x00000007abc80000,0x00000007abe00000,0x00000007abe00000)
  to   space 3072K, 0% used [0x00000007abf80000,0x00000007abf80000,0x00000007ac280000)
 ParOldGen       total 68608K, used 63568K [0x0000000700000000, 0x0000000704300000, 0x00000007aab00000)
  object space 68608K, 92% used [0x0000000700000000,0x0000000703e14348,0x0000000704300000)
 Metaspace       used 24048K, committed 25024K, reserved 1114112K
  class space    used 2149K, committed 2560K, reserved 1048576K
}
Event: 48.653 GC heap after
{Heap after GC invocations=55 (full 1):
 PSYoungGen      total 18944K, used 3048K [0x00000007aab00000, 0x00000007ac680000, 0x0000000800000000)
  eden space 15872K, 0% used [0x00000007aab00000,0x00000007aab00000,0x00000007aba80000)
  from space 3072K, 99% used [0x00000007abf80000,0x00000007ac27a190,0x00000007ac280000)
  to   space 5120K, 0% used [0x00000007aba80000,0x00000007aba80000,0x00000007abf80000)
 ParOldGen       total 68608K, used 65139K [0x0000000700000000, 0x0000000704300000, 0x00000007aab00000)
  object space 68608K, 94% used [0x0000000700000000,0x0000000703f9cce0,0x0000000704300000)
 Metaspace       used 24048K, committed 25024K, reserved 1114112K
  class space    used 2149K, committed 2560K, reserved 1048576K
}
Event: 48.872 GC heap before
{Heap before GC invocations=56 (full 1):
 PSYoungGen      total 18944K, used 18920K [0x00000007aab00000, 0x00000007ac680000, 0x0000000800000000)
  eden space 15872K, 100% used [0x00000007aab00000,0x00000007aba80000,0x00000007aba80000)
  from space 3072K, 99% used [0x00000007abf80000,0x00000007ac27a190,0x00000007ac280000)
  to   space 5120K, 0% used [0x00000007aba80000,0x00000007aba80000,0x00000007abf80000)
 ParOldGen       total 68608K, used 65139K [0x0000000700000000, 0x0000000704300000, 0x00000007aab00000)
  object space 68608K, 94% used [0x0000000700000000,0x0000000703f9cce0,0x0000000704300000)
 Metaspace       used 24311K, committed 25216K, reserved 1114112K
  class space    used 2169K, committed 2560K, reserved 1048576K
}
Event: 48.875 GC heap after
{Heap after GC invocations=56 (full 1):
 PSYoungGen      total 18944K, used 2608K [0x00000007aab00000, 0x00000007ac180000, 0x0000000800000000)
  eden space 15872K, 0% used [0x00000007aab00000,0x00000007aab00000,0x00000007aba80000)
  from space 3072K, 84% used [0x00000007aba80000,0x00000007abd0c050,0x00000007abd80000)
  to   space 3584K, 0% used [0x00000007abe00000,0x00000007abe00000,0x00000007ac180000)
 ParOldGen       total 68608K, used 68143K [0x0000000700000000, 0x0000000704300000, 0x00000007aab00000)
  object space 68608K, 99% used [0x0000000700000000,0x000000070428bd60,0x0000000704300000)
 Metaspace       used 24311K, committed 25216K, reserved 1114112K
  class space    used 2169K, committed 2560K, reserved 1048576K
}
Event: 48.963 GC heap before
{Heap before GC invocations=57 (full 1):
 PSYoungGen      total 18944K, used 18480K [0x00000007aab00000, 0x00000007ac180000, 0x0000000800000000)
  eden space 15872K, 100% used [0x00000007aab00000,0x00000007aba80000,0x00000007aba80000)
  from space 3072K, 84% used [0x00000007aba80000,0x00000007abd0c050,0x00000007abd80000)
  to   space 3584K, 0% used [0x00000007abe00000,0x00000007abe00000,0x00000007ac180000)
 ParOldGen       total 68608K, used 68143K [0x0000000700000000, 0x0000000704300000, 0x00000007aab00000)
  object space 68608K, 99% used [0x0000000700000000,0x000000070428bd60,0x0000000704300000)
 Metaspace       used 24452K, committed 25408K, reserved 1114112K
  class space    used 2176K, committed 2624K, reserved 1048576K
}
Event: 48.966 GC heap after
{Heap after GC invocations=57 (full 1):
 PSYoungGen      total 17920K, used 2032K [0x00000007aab00000, 0x00000007ac000000, 0x0000000800000000)
  eden space 15872K, 0% used [0x00000007aab00000,0x00000007aab00000,0x00000007aba80000)
  from space 2048K, 99% used [0x00000007abe00000,0x00000007abffc020,0x00000007ac000000)
  to   space 2560K, 0% used [0x00000007abb00000,0x00000007abb00000,0x00000007abd80000)
 ParOldGen       total 70656K, used 70549K [0x0000000700000000, 0x0000000704500000, 0x00000007aab00000)
  object space 70656K, 99% used [0x0000000700000000,0x00000007044e54e8,0x0000000704500000)
 Metaspace       used 24452K, committed 25408K, reserved 1114112K
  class space    used 2176K, committed 2624K, reserved 1048576K
}
Event: 50.217 GC heap before
{Heap before GC invocations=58 (full 1):
 PSYoungGen      total 17920K, used 17904K [0x00000007aab00000, 0x00000007ac000000, 0x0000000800000000)
  eden space 15872K, 100% used [0x00000007aab00000,0x00000007aba80000,0x00000007aba80000)
  from space 2048K, 99% used [0x00000007abe00000,0x00000007abffc020,0x00000007ac000000)
  to   space 2560K, 0% used [0x00000007abb00000,0x00000007abb00000,0x00000007abd80000)
 ParOldGen       total 70656K, used 70549K [0x0000000700000000, 0x0000000704500000, 0x00000007aab00000)
  object space 70656K, 99% used [0x0000000700000000,0x00000007044e54e8,0x0000000704500000)
 Metaspace       used 24759K, committed 25664K, reserved 1114112K
  class space    used 2195K, committed 2624K, reserved 1048576K
}
Event: 50.220 GC heap after
{Heap after GC invocations=58 (full 1):
 PSYoungGen      total 18432K, used 2559K [0x00000007aab00000, 0x00000007ac680000, 0x0000000800000000)
  eden space 15872K, 0% used [0x00000007aab00000,0x00000007aab00000,0x00000007aba80000)
  from space 2560K, 99% used [0x00000007abb00000,0x00000007abd7fca8,0x00000007abd80000)
  to   space 6144K, 0% used [0x00000007ac080000,0x00000007ac080000,0x00000007ac680000)
 ParOldGen       total 73728K, used 73229K [0x0000000700000000, 0x0000000704800000, 0x00000007aab00000)
  object space 73728K, 99% used [0x0000000700000000,0x0000000704783558,0x0000000704800000)
 Metaspace       used 24759K, committed 25664K, reserved 1114112K
  class space    used 2195K, committed 2624K, reserved 1048576K
}

